[ DEBUG ] [2018-03-27 22:24:53] org.springframework.core.env.StandardEnvironment [main:0] - Adding [systemProperties] PropertySource with lowest search precedence
[ DEBUG ] [2018-03-27 22:24:53] org.springframework.core.env.StandardEnvironment [main:5] - Adding [systemEnvironment] PropertySource with lowest search precedence
[ DEBUG ] [2018-03-27 22:24:53] org.springframework.core.env.StandardEnvironment [main:6] - Initialized StandardEnvironment with PropertySources [systemProperties,systemEnvironment]
[ INFO ] [2018-03-27 22:24:53] org.springframework.context.support.ClassPathXmlApplicationContext [main:14] - Refreshing org.springframework.context.support.ClassPathXmlApplicationContext@4d591d15: startup date [Tue Mar 27 22:24:53 CST 2018]; root of context hierarchy
[ DEBUG ] [2018-03-27 22:24:53] org.springframework.core.env.StandardEnvironment [main:74] - Adding [systemProperties] PropertySource with lowest search precedence
[ DEBUG ] [2018-03-27 22:24:53] org.springframework.core.env.StandardEnvironment [main:76] - Adding [systemEnvironment] PropertySource with lowest search precedence
[ DEBUG ] [2018-03-27 22:24:53] org.springframework.core.env.StandardEnvironment [main:76] - Initialized StandardEnvironment with PropertySources [systemProperties,systemEnvironment]
[ INFO ] [2018-03-27 22:24:53] org.springframework.beans.factory.xml.XmlBeanDefinitionReader [main:86] - Loading XML bean definitions from class path resource [applicationContext.xml]
[ DEBUG ] [2018-03-27 22:24:53] org.springframework.beans.factory.xml.DefaultDocumentLoader [main:103] - Using JAXP provider [com.sun.org.apache.xerces.internal.jaxp.DocumentBuilderFactoryImpl]
[ DEBUG ] [2018-03-27 22:24:53] org.springframework.beans.factory.xml.PluggableSchemaResolver [main:139] - Loading schema mappings from [META-INF/spring.schemas]
[ DEBUG ] [2018-03-27 22:24:53] org.springframework.beans.factory.xml.PluggableSchemaResolver [main:145] - Loaded schema mappings: {http://www.springframework.org/schema/cache/spring-cache-4.2.xsd=org/springframework/cache/config/spring-cache-4.2.xsd, http://www.springframework.org/schema/aop/spring-aop-4.1.xsd=org/springframework/aop/config/spring-aop-4.1.xsd, http://www.springframework.org/schema/context/spring-context-3.1.xsd=org/springframework/context/config/spring-context-3.1.xsd, http://www.springframework.org/schema/util/spring-util-3.0.xsd=org/springframework/beans/factory/xml/spring-util-3.0.xsd, http://www.springframework.org/schema/tool/spring-tool.xsd=org/springframework/beans/factory/xml/spring-tool-4.3.xsd, http://www.springframework.org/schema/aop/spring-aop-3.2.xsd=org/springframework/aop/config/spring-aop-3.2.xsd, http://www.springframework.org/schema/lang/spring-lang-4.1.xsd=org/springframework/scripting/config/spring-lang-4.1.xsd, http://www.springframework.org/schema/context/spring-context-4.0.xsd=org/springframework/context/config/spring-context-4.0.xsd, http://www.springframework.org/schema/beans/spring-beans-4.2.xsd=org/springframework/beans/factory/xml/spring-beans-4.2.xsd, http://www.springframework.org/schema/tool/spring-tool-4.1.xsd=org/springframework/beans/factory/xml/spring-tool-4.1.xsd, http://www.springframework.org/schema/lang/spring-lang-3.2.xsd=org/springframework/scripting/config/spring-lang-3.2.xsd, http://www.springframework.org/schema/cache/spring-cache-3.2.xsd=org/springframework/cache/config/spring-cache-3.2.xsd, http://www.springframework.org/schema/jee/spring-jee-4.1.xsd=org/springframework/ejb/config/spring-jee-4.1.xsd, http://www.springframework.org/schema/util/spring-util-2.0.xsd=org/springframework/beans/factory/xml/spring-util-2.0.xsd, http://www.springframework.org/schema/task/spring-task-4.2.xsd=org/springframework/scheduling/config/spring-task-4.2.xsd, http://www.springframework.org/schema/tool/spring-tool-3.2.xsd=org/springframework/beans/factory/xml/spring-tool-3.2.xsd, http://www.springframework.org/schema/context/spring-context.xsd=org/springframework/context/config/spring-context-4.3.xsd, http://www.springframework.org/schema/cache/spring-cache-4.1.xsd=org/springframework/cache/config/spring-cache-4.1.xsd, http://www.springframework.org/schema/aop/spring-aop-4.0.xsd=org/springframework/aop/config/spring-aop-4.0.xsd, http://www.springframework.org/schema/jee/spring-jee-3.2.xsd=org/springframework/ejb/config/spring-jee-3.2.xsd, http://www.springframework.org/schema/context/spring-context-3.0.xsd=org/springframework/context/config/spring-context-3.0.xsd, http://www.springframework.org/schema/util/spring-util-4.3.xsd=org/springframework/beans/factory/xml/spring-util-4.3.xsd, http://www.springframework.org/schema/util/spring-util-2.5.xsd=org/springframework/beans/factory/xml/spring-util-2.5.xsd, http://www.springframework.org/schema/beans/spring-beans-3.2.xsd=org/springframework/beans/factory/xml/spring-beans-3.2.xsd, http://www.springframework.org/schema/aop/spring-aop-3.1.xsd=org/springframework/aop/config/spring-aop-3.1.xsd, http://www.springframework.org/schema/lang/spring-lang-4.0.xsd=org/springframework/scripting/config/spring-lang-4.0.xsd, http://www.springframework.org/schema/beans/spring-beans-4.1.xsd=org/springframework/beans/factory/xml/spring-beans-4.1.xsd, http://www.springframework.org/schema/tool/spring-tool-4.0.xsd=org/springframework/beans/factory/xml/spring-tool-4.0.xsd, http://www.springframework.org/schema/lang/spring-lang-3.1.xsd=org/springframework/scripting/config/spring-lang-3.1.xsd, http://www.springframework.org/schema/cache/spring-cache-3.1.xsd=org/springframework/cache/config/spring-cache-3.1.xsd, http://www.springframework.org/schema/jee/spring-jee-4.0.xsd=org/springframework/ejb/config/spring-jee-4.0.xsd, http://www.springframework.org/schema/task/spring-task-4.1.xsd=org/springframework/scheduling/config/spring-task-4.1.xsd, http://www.springframework.org/schema/tool/spring-tool-3.1.xsd=org/springframework/beans/factory/xml/spring-tool-3.1.xsd, http://www.springframework.org/schema/cache/spring-cache-4.0.xsd=org/springframework/cache/config/spring-cache-4.0.xsd, http://code.alibabatech.com/schema/dubbo/dubbo.xsd=META-INF/dubbo.xsd, http://www.springframework.org/schema/jee/spring-jee-3.1.xsd=org/springframework/ejb/config/spring-jee-3.1.xsd, http://www.springframework.org/schema/util/spring-util-4.2.xsd=org/springframework/beans/factory/xml/spring-util-4.2.xsd, http://www.springframework.org/schema/task/spring-task-3.2.xsd=org/springframework/scheduling/config/spring-task-3.2.xsd, http://www.springframework.org/schema/beans/spring-beans-3.1.xsd=org/springframework/beans/factory/xml/spring-beans-3.1.xsd, http://www.springframework.org/schema/util/spring-util.xsd=org/springframework/beans/factory/xml/spring-util-4.3.xsd, http://www.springframework.org/schema/aop/spring-aop-3.0.xsd=org/springframework/aop/config/spring-aop-3.0.xsd, http://www.springframework.org/schema/beans/spring-beans-4.0.xsd=org/springframework/beans/factory/xml/spring-beans-4.0.xsd, http://www.springframework.org/schema/beans/spring-beans.xsd=org/springframework/beans/factory/xml/spring-beans-4.3.xsd, http://www.springframework.org/schema/lang/spring-lang-3.0.xsd=org/springframework/scripting/config/spring-lang-3.0.xsd, http://www.springframework.org/schema/context/spring-context-2.5.xsd=org/springframework/context/config/spring-context-2.5.xsd, http://www.springframework.org/schema/context/spring-context-4.3.xsd=org/springframework/context/config/spring-context-4.3.xsd, http://www.springframework.org/schema/task/spring-task-4.0.xsd=org/springframework/scheduling/config/spring-task-4.0.xsd, http://www.springframework.org/schema/tool/spring-tool-3.0.xsd=org/springframework/beans/factory/xml/spring-tool-3.0.xsd, http://www.springframework.org/schema/aop/spring-aop-2.0.xsd=org/springframework/aop/config/spring-aop-2.0.xsd, http://www.springframework.org/schema/jee/spring-jee-3.0.xsd=org/springframework/ejb/config/spring-jee-3.0.xsd, http://www.springframework.org/schema/util/spring-util-4.1.xsd=org/springframework/beans/factory/xml/spring-util-4.1.xsd, http://www.springframework.org/schema/task/spring-task-3.1.xsd=org/springframework/scheduling/config/spring-task-3.1.xsd, http://www.springframework.org/schema/beans/spring-beans-3.0.xsd=org/springframework/beans/factory/xml/spring-beans-3.0.xsd, http://www.springframework.org/schema/jee/spring-jee.xsd=org/springframework/ejb/config/spring-jee-4.3.xsd, http://www.springframework.org/schema/aop/spring-aop-2.5.xsd=org/springframework/aop/config/spring-aop-2.5.xsd, http://www.springframework.org/schema/aop/spring-aop-4.3.xsd=org/springframework/aop/config/spring-aop-4.3.xsd, http://www.springframework.org/schema/lang/spring-lang-2.0.xsd=org/springframework/scripting/config/spring-lang-2.0.xsd, http://www.springframework.org/schema/util/spring-util-3.2.xsd=org/springframework/beans/factory/xml/spring-util-3.2.xsd, http://www.springframework.org/schema/task/spring-task.xsd=org/springframework/scheduling/config/spring-task-4.3.xsd, http://www.springframework.org/schema/tool/spring-tool-2.0.xsd=org/springframework/beans/factory/xml/spring-tool-2.0.xsd, http://www.springframework.org/schema/lang/spring-lang-2.5.xsd=org/springframework/scripting/config/spring-lang-2.5.xsd, http://www.springframework.org/schema/lang/spring-lang-4.3.xsd=org/springframework/scripting/config/spring-lang-4.3.xsd, http://www.springframework.org/schema/context/spring-context-4.2.xsd=org/springframework/context/config/spring-context-4.2.xsd, http://www.springframework.org/schema/jee/spring-jee-2.0.xsd=org/springframework/ejb/config/spring-jee-2.0.xsd, http://www.springframework.org/schema/tool/spring-tool-4.3.xsd=org/springframework/beans/factory/xml/spring-tool-4.3.xsd, http://www.springframework.org/schema/tool/spring-tool-2.5.xsd=org/springframework/beans/factory/xml/spring-tool-2.5.xsd, http://www.springframework.org/schema/jee/spring-jee-4.3.xsd=org/springframework/ejb/config/spring-jee-4.3.xsd, http://www.springframework.org/schema/jee/spring-jee-2.5.xsd=org/springframework/ejb/config/spring-jee-2.5.xsd, http://www.springframework.org/schema/util/spring-util-4.0.xsd=org/springframework/beans/factory/xml/spring-util-4.0.xsd, http://www.springframework.org/schema/task/spring-task-3.0.xsd=org/springframework/scheduling/config/spring-task-3.0.xsd, http://www.springframework.org/schema/cache/spring-cache-4.3.xsd=org/springframework/cache/config/spring-cache-4.3.xsd, http://www.springframework.org/schema/aop/spring-aop-4.2.xsd=org/springframework/aop/config/spring-aop-4.2.xsd, http://www.springframework.org/schema/lang/spring-lang.xsd=org/springframework/scripting/config/spring-lang-4.3.xsd, http://www.springframework.org/schema/context/spring-context-3.2.xsd=org/springframework/context/config/spring-context-3.2.xsd, http://www.springframework.org/schema/util/spring-util-3.1.xsd=org/springframework/beans/factory/xml/spring-util-3.1.xsd, http://www.springframework.org/schema/beans/spring-beans-2.0.xsd=org/springframework/beans/factory/xml/spring-beans-2.0.xsd, http://www.springframework.org/schema/cache/spring-cache.xsd=org/springframework/cache/config/spring-cache-4.3.xsd, http://www.springframework.org/schema/lang/spring-lang-4.2.xsd=org/springframework/scripting/config/spring-lang-4.2.xsd, http://www.springframework.org/schema/context/spring-context-4.1.xsd=org/springframework/context/config/spring-context-4.1.xsd, http://www.springframework.org/schema/beans/spring-beans-2.5.xsd=org/springframework/beans/factory/xml/spring-beans-2.5.xsd, http://www.springframework.org/schema/beans/spring-beans-4.3.xsd=org/springframework/beans/factory/xml/spring-beans-4.3.xsd, http://www.springframework.org/schema/tool/spring-tool-4.2.xsd=org/springframework/beans/factory/xml/spring-tool-4.2.xsd, http://www.springframework.org/schema/jee/spring-jee-4.2.xsd=org/springframework/ejb/config/spring-jee-4.2.xsd, http://www.springframework.org/schema/task/spring-task-4.3.xsd=org/springframework/scheduling/config/spring-task-4.3.xsd, http://www.springframework.org/schema/aop/spring-aop.xsd=org/springframework/aop/config/spring-aop-4.3.xsd}
[ DEBUG ] [2018-03-27 22:24:53] org.springframework.beans.factory.xml.PluggableSchemaResolver [main:148] - Found XML schema [http://www.springframework.org/schema/beans/spring-beans-3.1.xsd] in classpath: org/springframework/beans/factory/xml/spring-beans-3.1.xsd
[ DEBUG ] [2018-03-27 22:24:53] org.springframework.beans.factory.xml.PluggableSchemaResolver [main:180] - Found XML schema [http://www.springframework.org/schema/context/spring-context-2.5.xsd] in classpath: org/springframework/context/config/spring-context-2.5.xsd
[ DEBUG ] [2018-03-27 22:24:53] org.springframework.beans.factory.xml.PluggableSchemaResolver [main:185] - Found XML schema [http://www.springframework.org/schema/tool/spring-tool-2.5.xsd] in classpath: org/springframework/beans/factory/xml/spring-tool-2.5.xsd
[ DEBUG ] [2018-03-27 22:24:53] org.springframework.beans.factory.xml.PluggableSchemaResolver [main:193] - Found XML schema [http://code.alibabatech.com/schema/dubbo/dubbo.xsd] in classpath: META-INF/dubbo.xsd
[ DEBUG ] [2018-03-27 22:24:53] org.springframework.beans.factory.xml.DefaultBeanDefinitionDocumentReader [main:244] - Loading bean definitions
[ DEBUG ] [2018-03-27 22:24:53] org.springframework.beans.factory.xml.DefaultNamespaceHandlerResolver [main:271] - Loaded NamespaceHandler mappings: {http://www.springframework.org/schema/p=org.springframework.beans.factory.xml.SimplePropertyNamespaceHandler, http://www.springframework.org/schema/util=org.springframework.beans.factory.xml.UtilNamespaceHandler, http://code.alibabatech.com/schema/dubbo=com.alibaba.dubbo.config.spring.schema.DubboNamespaceHandler, http://www.springframework.org/schema/jee=org.springframework.ejb.config.JeeNamespaceHandler, http://www.springframework.org/schema/aop=org.springframework.aop.config.AopNamespaceHandler, http://www.springframework.org/schema/cache=org.springframework.cache.config.CacheNamespaceHandler, http://www.springframework.org/schema/c=org.springframework.beans.factory.xml.SimpleConstructorNamespaceHandler, http://www.springframework.org/schema/task=org.springframework.scheduling.config.TaskNamespaceHandler, http://www.springframework.org/schema/lang=org.springframework.scripting.config.LangNamespaceHandler, http://www.springframework.org/schema/context=org.springframework.context.config.ContextNamespaceHandler}
[ DEBUG ] [2018-03-27 22:24:53] org.springframework.core.io.support.PathMatchingResourcePatternResolver [main:320] - Resolved classpath location [com/basic/] to resources [URL [file:/D:/ProgramProjects/IntelJIDEAProject/IntelliJIDEA15.0.2/Project/SpringProject/dubboAction/dubboconsumer/target/classes/com/basic/]]
[ DEBUG ] [2018-03-27 22:24:53] org.springframework.core.io.support.PathMatchingResourcePatternResolver [main:321] - Looking for matching resources in directory tree [D:\ProgramProjects\IntelJIDEAProject\IntelliJIDEA15.0.2\Project\SpringProject\dubboAction\dubboconsumer\target\classes\com\basic]
[ DEBUG ] [2018-03-27 22:24:53] org.springframework.core.io.support.PathMatchingResourcePatternResolver [main:322] - Searching directory [D:\ProgramProjects\IntelJIDEAProject\IntelliJIDEA15.0.2\Project\SpringProject\dubboAction\dubboconsumer\target\classes\com\basic] for files matching pattern [D:/ProgramProjects/IntelJIDEAProject/IntelliJIDEA15.0.2/Project/SpringProject/dubboAction/dubboconsumer/target/classes/com/basic/**/*.class]
[ DEBUG ] [2018-03-27 22:24:53] org.springframework.core.io.support.PathMatchingResourcePatternResolver [main:327] - Searching directory [D:\ProgramProjects\IntelJIDEAProject\IntelliJIDEA15.0.2\Project\SpringProject\dubboAction\dubboconsumer\target\classes\com\basic\dubbo] for files matching pattern [D:/ProgramProjects/IntelJIDEAProject/IntelliJIDEA15.0.2/Project/SpringProject/dubboAction/dubboconsumer/target/classes/com/basic/**/*.class]
[ DEBUG ] [2018-03-27 22:24:53] org.springframework.core.io.support.PathMatchingResourcePatternResolver [main:328] - Searching directory [D:\ProgramProjects\IntelJIDEAProject\IntelliJIDEA15.0.2\Project\SpringProject\dubboAction\dubboconsumer\target\classes\com\basic\dubbo\direct] for files matching pattern [D:/ProgramProjects/IntelJIDEAProject/IntelliJIDEA15.0.2/Project/SpringProject/dubboAction/dubboconsumer/target/classes/com/basic/**/*.class]
[ DEBUG ] [2018-03-27 22:24:53] org.springframework.core.io.support.PathMatchingResourcePatternResolver [main:336] - Searching directory [D:\ProgramProjects\IntelJIDEAProject\IntelliJIDEA15.0.2\Project\SpringProject\dubboAction\dubboconsumer\target\classes\com\basic\dubbo\direct\provider] for files matching pattern [D:/ProgramProjects/IntelJIDEAProject/IntelliJIDEA15.0.2/Project/SpringProject/dubboAction/dubboconsumer/target/classes/com/basic/**/*.class]
[ DEBUG ] [2018-03-27 22:24:53] org.springframework.core.io.support.PathMatchingResourcePatternResolver [main:338] - Searching directory [D:\ProgramProjects\IntelJIDEAProject\IntelliJIDEA15.0.2\Project\SpringProject\dubboAction\dubboconsumer\target\classes\com\basic\dubbo\main] for files matching pattern [D:/ProgramProjects/IntelJIDEAProject/IntelliJIDEA15.0.2/Project/SpringProject/dubboAction/dubboconsumer/target/classes/com/basic/**/*.class]
[ DEBUG ] [2018-03-27 22:24:53] org.springframework.core.io.support.PathMatchingResourcePatternResolver [main:339] - Searching directory [D:\ProgramProjects\IntelJIDEAProject\IntelliJIDEA15.0.2\Project\SpringProject\dubboAction\dubboconsumer\target\classes\com\basic\dubbo\model] for files matching pattern [D:/ProgramProjects/IntelJIDEAProject/IntelliJIDEA15.0.2/Project/SpringProject/dubboAction/dubboconsumer/target/classes/com/basic/**/*.class]
[ DEBUG ] [2018-03-27 22:24:53] org.springframework.core.io.support.PathMatchingResourcePatternResolver [main:341] - Resolved location pattern [classpath*:com/basic/**/*.class] to resources [file [D:\ProgramProjects\IntelJIDEAProject\IntelliJIDEA15.0.2\Project\SpringProject\dubboAction\dubboconsumer\target\classes\com\basic\dubbo\direct\provider\SampleService.class], file [D:\ProgramProjects\IntelJIDEAProject\IntelliJIDEA15.0.2\Project\SpringProject\dubboAction\dubboconsumer\target\classes\com\basic\dubbo\main\Consumer.class], file [D:\ProgramProjects\IntelJIDEAProject\IntelliJIDEA15.0.2\Project\SpringProject\dubboAction\dubboconsumer\target\classes\com\basic\dubbo\model\User.class]]
[ INFO ] [2018-03-27 22:24:53] com.alibaba.dubbo.common.logger.LoggerFactory [main:376] - using logger: com.alibaba.dubbo.common.logger.log4j.Log4jLoggerAdapter
[ ERROR ] [2018-03-27 22:24:53] com.alibaba.dubbo.common.Version [main:380] -  [DUBBO] Duplicate class com/alibaba/dubbo/common/Version.class in 2 jar [file:/D:/ProgramSoftwares/apache-maven/Repository/com/alibaba/dubbo-common/2.6.1/dubbo-common-2.6.1.jar!/com/alibaba/dubbo/common/Version.class, file:/D:/ProgramSoftwares/apache-maven/Repository/com/alibaba/dubbo/2.5.5/dubbo-2.5.5.jar!/com/alibaba/dubbo/common/Version.class], dubbo version: 2.5.5, current host: 127.0.0.1
[ DEBUG ] [2018-03-27 22:24:54] org.springframework.beans.factory.xml.BeanDefinitionParserDelegate [main:417] - Neither XML 'id' nor 'name' specified - using generated bean name [org.springframework.beans.factory.config.PreferencesPlaceholderConfigurer#0]
[ DEBUG ] [2018-03-27 22:24:54] org.springframework.beans.factory.xml.XmlBeanDefinitionReader [main:417] - Loaded 11 bean definitions from location pattern [applicationContext.xml]
[ DEBUG ] [2018-03-27 22:24:54] org.springframework.context.support.ClassPathXmlApplicationContext [main:417] - Bean factory for org.springframework.context.support.ClassPathXmlApplicationContext@4d591d15: org.springframework.beans.factory.support.DefaultListableBeanFactory@369f73a2: defining beans [org.springframework.context.annotation.internalConfigurationAnnotationProcessor,org.springframework.context.annotation.internalAutowiredAnnotationProcessor,org.springframework.context.annotation.internalRequiredAnnotationProcessor,org.springframework.context.annotation.internalCommonAnnotationProcessor,org.springframework.context.event.internalEventListenerProcessor,org.springframework.context.event.internalEventListenerFactory,sample-consumer,com.alibaba.dubbo.config.RegistryConfig,sampleService,prop,org.springframework.beans.factory.config.PreferencesPlaceholderConfigurer#0]; root of factory hierarchy
[ DEBUG ] [2018-03-27 22:24:54] org.springframework.beans.factory.support.DefaultListableBeanFactory [main:438] - Creating shared instance of singleton bean 'org.springframework.context.annotation.internalConfigurationAnnotationProcessor'
[ DEBUG ] [2018-03-27 22:24:54] org.springframework.beans.factory.support.DefaultListableBeanFactory [main:438] - Creating instance of bean 'org.springframework.context.annotation.internalConfigurationAnnotationProcessor'
[ DEBUG ] [2018-03-27 22:24:54] org.springframework.beans.factory.support.DefaultListableBeanFactory [main:454] - Eagerly caching bean 'org.springframework.context.annotation.internalConfigurationAnnotationProcessor' to allow for resolving potential circular references
[ DEBUG ] [2018-03-27 22:24:54] org.springframework.beans.factory.support.DefaultListableBeanFactory [main:457] - Finished creating instance of bean 'org.springframework.context.annotation.internalConfigurationAnnotationProcessor'
[ DEBUG ] [2018-03-27 22:24:54] org.springframework.beans.factory.support.DefaultListableBeanFactory [main:483] - Creating shared instance of singleton bean 'org.springframework.beans.factory.config.PreferencesPlaceholderConfigurer#0'
[ DEBUG ] [2018-03-27 22:24:54] org.springframework.beans.factory.support.DefaultListableBeanFactory [main:483] - Creating instance of bean 'org.springframework.beans.factory.config.PreferencesPlaceholderConfigurer#0'
[ DEBUG ] [2018-03-27 22:24:54] org.springframework.beans.factory.support.DefaultListableBeanFactory [main:484] - Eagerly caching bean 'org.springframework.beans.factory.config.PreferencesPlaceholderConfigurer#0' to allow for resolving potential circular references
[ DEBUG ] [2018-03-27 22:24:54] org.springframework.beans.factory.support.DefaultListableBeanFactory [main:515] - Invoking afterPropertiesSet() on bean with name 'org.springframework.beans.factory.config.PreferencesPlaceholderConfigurer#0'
[ DEBUG ] [2018-03-27 22:24:54] org.springframework.beans.factory.support.DefaultListableBeanFactory [main:517] - Finished creating instance of bean 'org.springframework.beans.factory.config.PreferencesPlaceholderConfigurer#0'
[ DEBUG ] [2018-03-27 22:24:54] org.springframework.beans.factory.support.DefaultListableBeanFactory [main:520] - Creating shared instance of singleton bean 'org.springframework.context.annotation.internalAutowiredAnnotationProcessor'
[ DEBUG ] [2018-03-27 22:24:54] org.springframework.beans.factory.support.DefaultListableBeanFactory [main:520] - Creating instance of bean 'org.springframework.context.annotation.internalAutowiredAnnotationProcessor'
[ DEBUG ] [2018-03-27 22:24:54] org.springframework.beans.factory.support.DefaultListableBeanFactory [main:521] - Eagerly caching bean 'org.springframework.context.annotation.internalAutowiredAnnotationProcessor' to allow for resolving potential circular references
[ DEBUG ] [2018-03-27 22:24:54] org.springframework.beans.factory.support.DefaultListableBeanFactory [main:528] - Finished creating instance of bean 'org.springframework.context.annotation.internalAutowiredAnnotationProcessor'
[ DEBUG ] [2018-03-27 22:24:54] org.springframework.beans.factory.support.DefaultListableBeanFactory [main:528] - Creating shared instance of singleton bean 'org.springframework.context.annotation.internalRequiredAnnotationProcessor'
[ DEBUG ] [2018-03-27 22:24:54] org.springframework.beans.factory.support.DefaultListableBeanFactory [main:528] - Creating instance of bean 'org.springframework.context.annotation.internalRequiredAnnotationProcessor'
[ DEBUG ] [2018-03-27 22:24:54] org.springframework.beans.factory.support.DefaultListableBeanFactory [main:529] - Eagerly caching bean 'org.springframework.context.annotation.internalRequiredAnnotationProcessor' to allow for resolving potential circular references
[ DEBUG ] [2018-03-27 22:24:54] org.springframework.beans.factory.support.DefaultListableBeanFactory [main:533] - Finished creating instance of bean 'org.springframework.context.annotation.internalRequiredAnnotationProcessor'
[ DEBUG ] [2018-03-27 22:24:54] org.springframework.beans.factory.support.DefaultListableBeanFactory [main:533] - Creating shared instance of singleton bean 'org.springframework.context.annotation.internalCommonAnnotationProcessor'
[ DEBUG ] [2018-03-27 22:24:54] org.springframework.beans.factory.support.DefaultListableBeanFactory [main:533] - Creating instance of bean 'org.springframework.context.annotation.internalCommonAnnotationProcessor'
[ DEBUG ] [2018-03-27 22:24:54] org.springframework.beans.factory.support.DefaultListableBeanFactory [main:537] - Eagerly caching bean 'org.springframework.context.annotation.internalCommonAnnotationProcessor' to allow for resolving potential circular references
[ DEBUG ] [2018-03-27 22:24:54] org.springframework.beans.factory.support.DefaultListableBeanFactory [main:547] - Finished creating instance of bean 'org.springframework.context.annotation.internalCommonAnnotationProcessor'
[ DEBUG ] [2018-03-27 22:24:54] org.springframework.context.support.ClassPathXmlApplicationContext [main:550] - Unable to locate MessageSource with name 'messageSource': using default [org.springframework.context.support.DelegatingMessageSource@43d7741f]
[ DEBUG ] [2018-03-27 22:24:54] org.springframework.context.support.ClassPathXmlApplicationContext [main:553] - Unable to locate ApplicationEventMulticaster with name 'applicationEventMulticaster': using default [org.springframework.context.event.SimpleApplicationEventMulticaster@4b9e255]
[ DEBUG ] [2018-03-27 22:24:54] org.springframework.beans.factory.support.DefaultListableBeanFactory [main:554] - Pre-instantiating singletons in org.springframework.beans.factory.support.DefaultListableBeanFactory@369f73a2: defining beans [org.springframework.context.annotation.internalConfigurationAnnotationProcessor,org.springframework.context.annotation.internalAutowiredAnnotationProcessor,org.springframework.context.annotation.internalRequiredAnnotationProcessor,org.springframework.context.annotation.internalCommonAnnotationProcessor,org.springframework.context.event.internalEventListenerProcessor,org.springframework.context.event.internalEventListenerFactory,sample-consumer,com.alibaba.dubbo.config.RegistryConfig,sampleService,prop,org.springframework.beans.factory.config.PreferencesPlaceholderConfigurer#0]; root of factory hierarchy
[ DEBUG ] [2018-03-27 22:24:54] org.springframework.beans.factory.support.DefaultListableBeanFactory [main:554] - Returning cached instance of singleton bean 'org.springframework.context.annotation.internalConfigurationAnnotationProcessor'
[ DEBUG ] [2018-03-27 22:24:54] org.springframework.beans.factory.support.DefaultListableBeanFactory [main:554] - Returning cached instance of singleton bean 'org.springframework.context.annotation.internalAutowiredAnnotationProcessor'
[ DEBUG ] [2018-03-27 22:24:54] org.springframework.beans.factory.support.DefaultListableBeanFactory [main:554] - Returning cached instance of singleton bean 'org.springframework.context.annotation.internalRequiredAnnotationProcessor'
[ DEBUG ] [2018-03-27 22:24:54] org.springframework.beans.factory.support.DefaultListableBeanFactory [main:554] - Returning cached instance of singleton bean 'org.springframework.context.annotation.internalCommonAnnotationProcessor'
[ DEBUG ] [2018-03-27 22:24:54] org.springframework.beans.factory.support.DefaultListableBeanFactory [main:554] - Creating shared instance of singleton bean 'org.springframework.context.event.internalEventListenerProcessor'
[ DEBUG ] [2018-03-27 22:24:54] org.springframework.beans.factory.support.DefaultListableBeanFactory [main:554] - Creating instance of bean 'org.springframework.context.event.internalEventListenerProcessor'
[ DEBUG ] [2018-03-27 22:24:54] org.springframework.beans.factory.support.DefaultListableBeanFactory [main:559] - Eagerly caching bean 'org.springframework.context.event.internalEventListenerProcessor' to allow for resolving potential circular references
[ DEBUG ] [2018-03-27 22:24:54] org.springframework.beans.factory.support.DefaultListableBeanFactory [main:561] - Finished creating instance of bean 'org.springframework.context.event.internalEventListenerProcessor'
[ DEBUG ] [2018-03-27 22:24:54] org.springframework.beans.factory.support.DefaultListableBeanFactory [main:562] - Creating shared instance of singleton bean 'org.springframework.context.event.internalEventListenerFactory'
[ DEBUG ] [2018-03-27 22:24:54] org.springframework.beans.factory.support.DefaultListableBeanFactory [main:563] - Creating instance of bean 'org.springframework.context.event.internalEventListenerFactory'
[ DEBUG ] [2018-03-27 22:24:54] org.springframework.beans.factory.support.DefaultListableBeanFactory [main:563] - Eagerly caching bean 'org.springframework.context.event.internalEventListenerFactory' to allow for resolving potential circular references
[ DEBUG ] [2018-03-27 22:24:54] org.springframework.beans.factory.support.DefaultListableBeanFactory [main:565] - Finished creating instance of bean 'org.springframework.context.event.internalEventListenerFactory'
[ DEBUG ] [2018-03-27 22:24:54] org.springframework.beans.factory.support.DefaultListableBeanFactory [main:566] - Creating shared instance of singleton bean 'sample-consumer'
[ DEBUG ] [2018-03-27 22:24:54] org.springframework.beans.factory.support.DefaultListableBeanFactory [main:566] - Creating instance of bean 'sample-consumer'
[ DEBUG ] [2018-03-27 22:24:54] org.springframework.beans.factory.support.DefaultListableBeanFactory [main:568] - Eagerly caching bean 'sample-consumer' to allow for resolving potential circular references
[ DEBUG ] [2018-03-27 22:24:54] org.springframework.beans.factory.support.DefaultListableBeanFactory [main:585] - Finished creating instance of bean 'sample-consumer'
[ DEBUG ] [2018-03-27 22:24:54] org.springframework.beans.factory.support.DefaultListableBeanFactory [main:585] - Creating shared instance of singleton bean 'com.alibaba.dubbo.config.RegistryConfig'
[ DEBUG ] [2018-03-27 22:24:54] org.springframework.beans.factory.support.DefaultListableBeanFactory [main:585] - Creating instance of bean 'com.alibaba.dubbo.config.RegistryConfig'
[ DEBUG ] [2018-03-27 22:24:54] org.springframework.beans.factory.support.DefaultListableBeanFactory [main:586] - Eagerly caching bean 'com.alibaba.dubbo.config.RegistryConfig' to allow for resolving potential circular references
[ DEBUG ] [2018-03-27 22:24:54] org.springframework.beans.factory.support.DefaultListableBeanFactory [main:590] - Finished creating instance of bean 'com.alibaba.dubbo.config.RegistryConfig'
[ DEBUG ] [2018-03-27 22:24:54] org.springframework.beans.factory.support.DefaultListableBeanFactory [main:590] - Creating shared instance of singleton bean 'sampleService'
[ DEBUG ] [2018-03-27 22:24:54] org.springframework.beans.factory.support.DefaultListableBeanFactory [main:590] - Creating instance of bean 'sampleService'
[ DEBUG ] [2018-03-27 22:24:54] com.alibaba.dubbo.common.extension.ExtensionLoader [main:619] -  [DUBBO] package com.alibaba.dubbo.rpc;
import com.alibaba.dubbo.common.extension.ExtensionLoader;
public class Protocol$Adpative implements com.alibaba.dubbo.rpc.Protocol {
public void destroy() {throw new UnsupportedOperationException("method public abstract void com.alibaba.dubbo.rpc.Protocol.destroy() of interface com.alibaba.dubbo.rpc.Protocol is not adaptive method!");
}
public int getDefaultPort() {throw new UnsupportedOperationException("method public abstract int com.alibaba.dubbo.rpc.Protocol.getDefaultPort() of interface com.alibaba.dubbo.rpc.Protocol is not adaptive method!");
}
public com.alibaba.dubbo.rpc.Invoker refer(java.lang.Class arg0, com.alibaba.dubbo.common.URL arg1) throws com.alibaba.dubbo.rpc.RpcException {
if (arg1 == null) throw new IllegalArgumentException("url == null");
com.alibaba.dubbo.common.URL url = arg1;
String extName = ( url.getProtocol() == null ? "dubbo" : url.getProtocol() );
if(extName == null) throw new IllegalStateException("Fail to get extension(com.alibaba.dubbo.rpc.Protocol) name from url(" + url.toString() + ") use keys([protocol])");
com.alibaba.dubbo.rpc.Protocol extension = (com.alibaba.dubbo.rpc.Protocol)ExtensionLoader.getExtensionLoader(com.alibaba.dubbo.rpc.Protocol.class).getExtension(extName);
return extension.refer(arg0, arg1);
}
public com.alibaba.dubbo.rpc.Exporter export(com.alibaba.dubbo.rpc.Invoker arg0) throws com.alibaba.dubbo.rpc.RpcException {
if (arg0 == null) throw new IllegalArgumentException("com.alibaba.dubbo.rpc.Invoker argument == null");
if (arg0.getUrl() == null) throw new IllegalArgumentException("com.alibaba.dubbo.rpc.Invoker argument getUrl() == null");com.alibaba.dubbo.common.URL url = arg0.getUrl();
String extName = ( url.getProtocol() == null ? "dubbo" : url.getProtocol() );
if(extName == null) throw new IllegalStateException("Fail to get extension(com.alibaba.dubbo.rpc.Protocol) name from url(" + url.toString() + ") use keys([protocol])");
com.alibaba.dubbo.rpc.Protocol extension = (com.alibaba.dubbo.rpc.Protocol)ExtensionLoader.getExtensionLoader(com.alibaba.dubbo.rpc.Protocol.class).getExtension(extName);
return extension.export(arg0);
}
}, dubbo version: 2.5.5, current host: 127.0.0.1
[ DEBUG ] [2018-03-27 22:24:54] com.alibaba.dubbo.common.extension.ExtensionLoader [main:945] -  [DUBBO] package com.alibaba.dubbo.rpc.cluster;
import com.alibaba.dubbo.common.extension.ExtensionLoader;
public class Cluster$Adpative implements com.alibaba.dubbo.rpc.cluster.Cluster {
public com.alibaba.dubbo.rpc.Invoker join(com.alibaba.dubbo.rpc.cluster.Directory arg0) throws com.alibaba.dubbo.rpc.RpcException {
if (arg0 == null) throw new IllegalArgumentException("com.alibaba.dubbo.rpc.cluster.Directory argument == null");
if (arg0.getUrl() == null) throw new IllegalArgumentException("com.alibaba.dubbo.rpc.cluster.Directory argument getUrl() == null");com.alibaba.dubbo.common.URL url = arg0.getUrl();
String extName = url.getParameter("cluster", "failover");
if(extName == null) throw new IllegalStateException("Fail to get extension(com.alibaba.dubbo.rpc.cluster.Cluster) name from url(" + url.toString() + ") use keys([cluster])");
com.alibaba.dubbo.rpc.cluster.Cluster extension = (com.alibaba.dubbo.rpc.cluster.Cluster)ExtensionLoader.getExtensionLoader(com.alibaba.dubbo.rpc.cluster.Cluster.class).getExtension(extName);
return extension.join(arg0);
}
}, dubbo version: 2.5.5, current host: 127.0.0.1
[ DEBUG ] [2018-03-27 22:24:54] com.alibaba.dubbo.common.extension.ExtensionLoader [main:964] -  [DUBBO] package com.alibaba.dubbo.rpc;
import com.alibaba.dubbo.common.extension.ExtensionLoader;
public class ProxyFactory$Adpative implements com.alibaba.dubbo.rpc.ProxyFactory {
public java.lang.Object getProxy(com.alibaba.dubbo.rpc.Invoker arg0) throws com.alibaba.dubbo.rpc.RpcException {
if (arg0 == null) throw new IllegalArgumentException("com.alibaba.dubbo.rpc.Invoker argument == null");
if (arg0.getUrl() == null) throw new IllegalArgumentException("com.alibaba.dubbo.rpc.Invoker argument getUrl() == null");com.alibaba.dubbo.common.URL url = arg0.getUrl();
String extName = url.getParameter("proxy", "javassist");
if(extName == null) throw new IllegalStateException("Fail to get extension(com.alibaba.dubbo.rpc.ProxyFactory) name from url(" + url.toString() + ") use keys([proxy])");
com.alibaba.dubbo.rpc.ProxyFactory extension = (com.alibaba.dubbo.rpc.ProxyFactory)ExtensionLoader.getExtensionLoader(com.alibaba.dubbo.rpc.ProxyFactory.class).getExtension(extName);
return extension.getProxy(arg0);
}
public com.alibaba.dubbo.rpc.Invoker getInvoker(java.lang.Object arg0, java.lang.Class arg1, com.alibaba.dubbo.common.URL arg2) throws com.alibaba.dubbo.rpc.RpcException {
if (arg2 == null) throw new IllegalArgumentException("url == null");
com.alibaba.dubbo.common.URL url = arg2;
String extName = url.getParameter("proxy", "javassist");
if(extName == null) throw new IllegalStateException("Fail to get extension(com.alibaba.dubbo.rpc.ProxyFactory) name from url(" + url.toString() + ") use keys([proxy])");
com.alibaba.dubbo.rpc.ProxyFactory extension = (com.alibaba.dubbo.rpc.ProxyFactory)ExtensionLoader.getExtensionLoader(com.alibaba.dubbo.rpc.ProxyFactory.class).getExtension(extName);
return extension.getInvoker(arg0, arg1, arg2);
}
}, dubbo version: 2.5.5, current host: 127.0.0.1
[ DEBUG ] [2018-03-27 22:24:54] org.springframework.beans.factory.support.DefaultListableBeanFactory [main:984] - Eagerly caching bean 'sampleService' to allow for resolving potential circular references
[ DEBUG ] [2018-03-27 22:24:54] org.springframework.beans.factory.support.DefaultListableBeanFactory [main:1058] - Invoking afterPropertiesSet() on bean with name 'sampleService'
[ DEBUG ] [2018-03-27 22:24:54] org.springframework.beans.factory.support.DefaultListableBeanFactory [main:1058] - Returning cached instance of singleton bean 'sample-consumer'
[ DEBUG ] [2018-03-27 22:24:54] org.springframework.beans.factory.support.DefaultListableBeanFactory [main:1059] - Returning cached instance of singleton bean 'com.alibaba.dubbo.config.RegistryConfig'
[ DEBUG ] [2018-03-27 22:24:54] org.springframework.beans.factory.support.DefaultListableBeanFactory [main:1059] - Finished creating instance of bean 'sampleService'
[ DEBUG ] [2018-03-27 22:24:54] org.springframework.beans.factory.support.DefaultListableBeanFactory [main:1059] - Creating shared instance of singleton bean 'prop'
[ DEBUG ] [2018-03-27 22:24:54] org.springframework.beans.factory.support.DefaultListableBeanFactory [main:1060] - Creating instance of bean 'prop'
[ DEBUG ] [2018-03-27 22:24:54] org.springframework.beans.factory.support.DefaultListableBeanFactory [main:1061] - Eagerly caching bean 'prop' to allow for resolving potential circular references
[ DEBUG ] [2018-03-27 22:24:54] org.springframework.beans.factory.support.DefaultListableBeanFactory [main:1064] - Invoking afterPropertiesSet() on bean with name 'prop'
[ DEBUG ] [2018-03-27 22:24:54] org.springframework.beans.factory.support.DefaultListableBeanFactory [main:1065] - Finished creating instance of bean 'prop'
[ DEBUG ] [2018-03-27 22:24:54] org.springframework.beans.factory.support.DefaultListableBeanFactory [main:1065] - Returning cached instance of singleton bean 'org.springframework.beans.factory.config.PreferencesPlaceholderConfigurer#0'
[ DEBUG ] [2018-03-27 22:24:54] org.springframework.beans.factory.support.DefaultListableBeanFactory [main:1066] - Returning cached instance of singleton bean 'org.springframework.context.event.internalEventListenerFactory'
[ DEBUG ] [2018-03-27 22:24:54] org.springframework.context.support.ClassPathXmlApplicationContext [main:1087] - Unable to locate LifecycleProcessor with name 'lifecycleProcessor': using default [org.springframework.context.support.DefaultLifecycleProcessor@436813f3]
[ DEBUG ] [2018-03-27 22:24:54] org.springframework.beans.factory.support.DefaultListableBeanFactory [main:1087] - Returning cached instance of singleton bean 'lifecycleProcessor'
[ DEBUG ] [2018-03-27 22:24:54] org.springframework.core.env.PropertySourcesPropertyResolver [main:1088] - Could not find key 'spring.liveBeansView.mbeanDomain' in any property source
[ DEBUG ] [2018-03-27 22:24:54] org.springframework.beans.factory.support.DefaultListableBeanFactory [main:1090] - Returning cached instance of singleton bean 'lifecycleProcessor'
[ DEBUG ] [2018-03-27 22:24:54] org.springframework.beans.factory.support.DefaultListableBeanFactory [main:1090] - Returning cached instance of singleton bean 'sampleService'
[ DEBUG ] [2018-03-27 22:24:54] com.alibaba.dubbo.common.extension.ExtensionLoader [main:1151] -  [DUBBO] package com.alibaba.dubbo.registry;
import com.alibaba.dubbo.common.extension.ExtensionLoader;
public class RegistryFactory$Adpative implements com.alibaba.dubbo.registry.RegistryFactory {
public com.alibaba.dubbo.registry.Registry getRegistry(com.alibaba.dubbo.common.URL arg0) {
if (arg0 == null) throw new IllegalArgumentException("url == null");
com.alibaba.dubbo.common.URL url = arg0;
String extName = ( url.getProtocol() == null ? "dubbo" : url.getProtocol() );
if(extName == null) throw new IllegalStateException("Fail to get extension(com.alibaba.dubbo.registry.RegistryFactory) name from url(" + url.toString() + ") use keys([protocol])");
com.alibaba.dubbo.registry.RegistryFactory extension = (com.alibaba.dubbo.registry.RegistryFactory)ExtensionLoader.getExtensionLoader(com.alibaba.dubbo.registry.RegistryFactory.class).getExtension(extName);
return extension.getRegistry(arg0);
}
}, dubbo version: 2.5.5, current host: 127.0.0.1
[ DEBUG ] [2018-03-27 22:24:54] com.alibaba.dubbo.common.extension.ExtensionLoader [main:1168] -  [DUBBO] package com.alibaba.dubbo.remoting.zookeeper;
import com.alibaba.dubbo.common.extension.ExtensionLoader;
public class ZookeeperTransporter$Adpative implements com.alibaba.dubbo.remoting.zookeeper.ZookeeperTransporter {
public com.alibaba.dubbo.remoting.zookeeper.ZookeeperClient connect(com.alibaba.dubbo.common.URL arg0) {
if (arg0 == null) throw new IllegalArgumentException("url == null");
com.alibaba.dubbo.common.URL url = arg0;
String extName = url.getParameter("client", url.getParameter("transporter", "zkclient"));
if(extName == null) throw new IllegalStateException("Fail to get extension(com.alibaba.dubbo.remoting.zookeeper.ZookeeperTransporter) name from url(" + url.toString() + ") use keys([client, transporter])");
com.alibaba.dubbo.remoting.zookeeper.ZookeeperTransporter extension = (com.alibaba.dubbo.remoting.zookeeper.ZookeeperTransporter)ExtensionLoader.getExtensionLoader(com.alibaba.dubbo.remoting.zookeeper.ZookeeperTransporter.class).getExtension(extName);
return extension.connect(arg0);
}
}, dubbo version: 2.5.5, current host: 127.0.0.1
[ INFO ] [2018-03-27 22:24:54] com.alibaba.dubbo.registry.zookeeper.ZookeeperRegistry [main:1198] -  [DUBBO] Load registry store file C:\Users\79875\.dubbo\dubbo-registry-ubuntu2.cache, data: {com.basic.dubbo.direct.provider.SampleService=empty://192.168.99.1:20880/com.basic.dubbo.direct.provider.SampleService?anyhost=true&application=sample-provider&category=configurators&check=false&dubbo=2.5.5&generic=false&interface=com.basic.dubbo.direct.provider.SampleService&methods=sayHello,getUsers&pid=8776&retries=0&side=provider&timestamp=1522160627908}, dubbo version: 2.5.5, current host: 127.0.0.1
[ DEBUG ] [2018-03-27 22:24:54] org.I0Itec.zkclient.ZkConnection [main:1212] - Creating new ZookKeeper instance to connect to ubuntu2:2181.
[ INFO ] [2018-03-27 22:24:54] org.I0Itec.zkclient.ZkEventThread [ZkClient-EventThread-13-ubuntu2:2181:1212] - Starting ZkClient event thread.
[ INFO ] [2018-03-27 22:25:03] org.apache.zookeeper.ZooKeeper [main:10229] - Client environment:zookeeper.version=3.4.9-1757313, built on 08/23/2016 06:50 GMT
[ INFO ] [2018-03-27 22:25:03] org.apache.zookeeper.ZooKeeper [main:10229] - Client environment:host.name=MasterTJ-PC
[ INFO ] [2018-03-27 22:25:03] org.apache.zookeeper.ZooKeeper [main:10229] - Client environment:java.version=1.8.0_91
[ INFO ] [2018-03-27 22:25:03] org.apache.zookeeper.ZooKeeper [main:10229] - Client environment:java.vendor=Oracle Corporation
[ INFO ] [2018-03-27 22:25:03] org.apache.zookeeper.ZooKeeper [main:10229] - Client environment:java.home=D:\ProgramSDK\JDK1.8\jre
[ INFO ] [2018-03-27 22:25:03] org.apache.zookeeper.ZooKeeper [main:10229] - Client environment:java.class.path=D:\ProgramSDK\JDK1.8\jre\lib\charsets.jar;D:\ProgramSDK\JDK1.8\jre\lib\deploy.jar;D:\ProgramSDK\JDK1.8\jre\lib\ext\access-bridge-64.jar;D:\ProgramSDK\JDK1.8\jre\lib\ext\cldrdata.jar;D:\ProgramSDK\JDK1.8\jre\lib\ext\dnsns.jar;D:\ProgramSDK\JDK1.8\jre\lib\ext\jaccess.jar;D:\ProgramSDK\JDK1.8\jre\lib\ext\jfxrt.jar;D:\ProgramSDK\JDK1.8\jre\lib\ext\localedata.jar;D:\ProgramSDK\JDK1.8\jre\lib\ext\nashorn.jar;D:\ProgramSDK\JDK1.8\jre\lib\ext\sunec.jar;D:\ProgramSDK\JDK1.8\jre\lib\ext\sunjce_provider.jar;D:\ProgramSDK\JDK1.8\jre\lib\ext\sunmscapi.jar;D:\ProgramSDK\JDK1.8\jre\lib\ext\sunpkcs11.jar;D:\ProgramSDK\JDK1.8\jre\lib\ext\zipfs.jar;D:\ProgramSDK\JDK1.8\jre\lib\javaws.jar;D:\ProgramSDK\JDK1.8\jre\lib\jce.jar;D:\ProgramSDK\JDK1.8\jre\lib\jfr.jar;D:\ProgramSDK\JDK1.8\jre\lib\jfxswt.jar;D:\ProgramSDK\JDK1.8\jre\lib\jsse.jar;D:\ProgramSDK\JDK1.8\jre\lib\management-agent.jar;D:\ProgramSDK\JDK1.8\jre\lib\plugin.jar;D:\ProgramSDK\JDK1.8\jre\lib\resources.jar;D:\ProgramSDK\JDK1.8\jre\lib\rt.jar;D:\ProgramProjects\IntelJIDEAProject\IntelliJIDEA15.0.2\Project\SpringProject\dubboAction\dubboconsumer\target\classes;D:\ProgramSoftwares\apache-maven\Repository\org\slf4j\slf4j-api\1.6.6\slf4j-api-1.6.6.jar;D:\ProgramSoftwares\apache-maven\Repository\org\slf4j\slf4j-log4j12\1.6.6\slf4j-log4j12-1.6.6.jar;D:\ProgramSoftwares\apache-maven\Repository\log4j\log4j\1.2.16\log4j-1.2.16.jar;D:\ProgramSoftwares\apache-maven\Repository\com\google\code\gson\gson\2.2.2\gson-2.2.2.jar;D:\ProgramSoftwares\apache-maven\Repository\org\codehaus\jackson\jackson-mapper-asl\1.9.13\jackson-mapper-asl-1.9.13.jar;D:\ProgramSoftwares\apache-maven\Repository\org\codehaus\jackson\jackson-core-asl\1.9.13\jackson-core-asl-1.9.13.jar;D:\ProgramSoftwares\apache-maven\Repository\com\google\guava\guava\15.0-rc1\guava-15.0-rc1.jar;D:\ProgramSoftwares\apache-maven\Repository\commons-lang\commons-lang\2.6\commons-lang-2.6.jar;D:\ProgramSoftwares\apache-maven\Repository\commons-collections\commons-collections\3.2.1\commons-collections-3.2.1.jar;D:\ProgramSoftwares\apache-maven\Repository\commons-beanutils\commons-beanutils\1.8.3\commons-beanutils-1.8.3.jar;D:\ProgramSoftwares\apache-maven\Repository\commons-logging\commons-logging\1.1.1\commons-logging-1.1.1.jar;D:\ProgramSoftwares\apache-maven\Repository\commons-dbutils\commons-dbutils\1.5\commons-dbutils-1.5.jar;D:\ProgramSoftwares\apache-maven\Repository\commons-fileupload\commons-fileupload\1.3\commons-fileupload-1.3.jar;D:\ProgramSoftwares\apache-maven\Repository\commons-io\commons-io\2.2\commons-io-2.2.jar;D:\ProgramSoftwares\apache-maven\Repository\commons-codec\commons-codec\1.8\commons-codec-1.8.jar;D:\ProgramSoftwares\apache-maven\Repository\commons-configuration\commons-configuration\1.10\commons-configuration-1.10.jar;D:\ProgramSoftwares\apache-maven\Repository\org\aspectj\aspectjrt\1.7.4\aspectjrt-1.7.4.jar;D:\ProgramSoftwares\apache-maven\Repository\org\aspectj\aspectjweaver\1.7.4\aspectjweaver-1.7.4.jar;D:\ProgramSoftwares\apache-maven\Repository\com\alibaba\dubbo\2.5.5\dubbo-2.5.5.jar;D:\ProgramSoftwares\apache-maven\Repository\org\springframework\spring-context\4.3.10.RELEASE\spring-context-4.3.10.RELEASE.jar;D:\ProgramSoftwares\apache-maven\Repository\org\springframework\spring-aop\4.3.10.RELEASE\spring-aop-4.3.10.RELEASE.jar;D:\ProgramSoftwares\apache-maven\Repository\org\springframework\spring-core\4.3.10.RELEASE\spring-core-4.3.10.RELEASE.jar;D:\ProgramSoftwares\apache-maven\Repository\org\springframework\spring-expression\4.3.10.RELEASE\spring-expression-4.3.10.RELEASE.jar;D:\ProgramSoftwares\apache-maven\Repository\org\springframework\spring-beans\4.3.10.RELEASE\spring-beans-4.3.10.RELEASE.jar;D:\ProgramSoftwares\apache-maven\Repository\org\springframework\spring-web\4.3.10.RELEASE\spring-web-4.3.10.RELEASE.jar;D:\ProgramSoftwares\apache-maven\Repository\org\javassist\javassist\3.20.0-GA\javassist-3.20.0-GA.jar;D:\ProgramSoftwares\apache-maven\Repository\org\jboss\netty\netty\3.2.5.Final\netty-3.2.5.Final.jar;D:\ProgramSoftwares\apache-maven\Repository\com\alibaba\dubbo-remoting-zookeeper\2.6.1\dubbo-remoting-zookeeper-2.6.1.jar;D:\ProgramSoftwares\apache-maven\Repository\com\alibaba\dubbo-common\2.6.1\dubbo-common-2.6.1.jar;D:\ProgramSoftwares\apache-maven\Repository\com\alibaba\hessian-lite\3.2.2\hessian-lite-3.2.2.jar;D:\ProgramSoftwares\apache-maven\Repository\com\alibaba\fastjson\1.2.46\fastjson-1.2.46.jar;D:\ProgramSoftwares\apache-maven\Repository\com\esotericsoftware\kryo\4.0.1\kryo-4.0.1.jar;D:\ProgramSoftwares\apache-maven\Repository\com\esotericsoftware\reflectasm\1.11.3\reflectasm-1.11.3.jar;D:\ProgramSoftwares\apache-maven\Repository\org\ow2\asm\asm\5.0.4\asm-5.0.4.jar;D:\ProgramSoftwares\apache-maven\Repository\com\esotericsoftware\minlog\1.3.0\minlog-1.3.0.jar;D:\ProgramSoftwares\apache-maven\Repository\org\objenesis\objenesis\2.5.1\objenesis-2.5.1.jar;D:\ProgramSoftwares\apache-maven\Repository\de\javakaffee\kryo-serializers\0.42\kryo-serializers-0.42.jar;D:\ProgramSoftwares\apache-maven\Repository\de\ruedigermoeller\fst\2.48-jdk-6\fst-2.48-jdk-6.jar;D:\ProgramSoftwares\apache-maven\Repository\com\fasterxml\jackson\core\jackson-core\2.8.6\jackson-core-2.8.6.jar;D:\ProgramSoftwares\apache-maven\Repository\com\cedarsoftware\java-util\1.9.0\java-util-1.9.0.jar;D:\ProgramSoftwares\apache-maven\Repository\com\cedarsoftware\json-io\2.5.1\json-io-2.5.1.jar;D:\ProgramSoftwares\apache-maven\Repository\org\apache\zookeeper\zookeeper\3.4.9\zookeeper-3.4.9.jar;D:\ProgramSoftwares\apache-maven\Repository\jline\jline\0.9.94\jline-0.9.94.jar;D:\ProgramSoftwares\apache-maven\Repository\io\netty\netty\3.10.5.Final\netty-3.10.5.Final.jar;D:\ProgramSoftwares\apache-maven\Repository\com\101tec\zkclient\0.2\zkclient-0.2.jar;D:\ProgramSoftwares\apache-maven\Repository\org\apache\curator\curator-framework\2.12.0\curator-framework-2.12.0.jar;D:\ProgramSoftwares\apache-maven\Repository\org\apache\curator\curator-client\2.12.0\curator-client-2.12.0.jar;C:\ProgramSoftwares\IntelJIDEA\IntelliJ IDEA 2017.2.5\lib\idea_rt.jar
[ INFO ] [2018-03-27 22:25:03] org.apache.zookeeper.ZooKeeper [main:10235] - Client environment:java.library.path=D:\ProgramSDK\JDK1.8\bin;C:\WINDOWS\Sun\Java\bin;C:\WINDOWS\system32;C:\WINDOWS;C:\ProgramData\Oracle\Java\javapath;D:\ProgramSoftwares\TexLive\2017\bin\win32;D:\ProgramSoftwares\Git\Git\bin;D://ProgramSDK/JDK1.8\bin;D://ProgramSDK/JDK1.8\jre\bin;D:\ProgramSoftwares\MySQL\MySQL Server 5.5\bin;D:\ProgramSoftwares\Gradle\gradle-4.1\bin;D:\ProgramSDK\scala-2.10.4\bin;D:\ProgramSoftwares\Sbt\SBT-0.13.12\bin;D:\ProgramSoftwares\apache-maven\apache-maven-3.1.1\bin;D:\ProgramSoftwares\apache-tomcat\apache-tomcat-8.0.26\bin;D:\ProgramSoftwares\MATLAB\R2017a\runtime\win64;D:\ProgramSoftwares\MATLAB\R2017a\bin;D:\ProgramSoftwares\MinGW\MinGW-64\mingw64\bin;D:\ProgramSoftwares\CMake\bin;C:\Windows\System32;D:\ProgramSoftwares\CTEX\UserData\miktex\bin;D:\ProgramSoftwares\CTEX\MiKTeX\miktex\bin;D:\ProgramSoftwares\CTEX\CTeX\ctex\bin;D:\ProgramSoftwares\CTEX\CTeX\cct\bin;D:\ProgramSoftwares\CTEX\CTeX\ty\bin;D:\ProgramSoftwares\CTEX\Ghostscript\gs9.05\bin;D:\ProgramSoftwares\CTEX\GSview\gsview;D:\ProgramSoftwares\CTEX\WinEdt;C:\WINDOWS\system32;C:\WINDOWS;C:\WINDOWS\System32\Wbem;C:\WINDOWS\System32\WindowsPowerShell\v1.0\;C:\Program Files (x86)\NVIDIA Corporation\PhysX\Common;D:\ProgramSoftwares\Anaconda3\;D:\ProgramSoftwares\Anaconda3\Library\lib;D:\ProgramSoftwares\Anaconda3\Scripts;D:\ProgramProjects\IntelJIDEAProject\IntelliJIDEA15.0.2\BigDataProject\StormSource\storm\bin;C:\Users\79875\AppData\Local\Microsoft\WindowsApps;C:\Users\79875\AppData\Local\GitHubDesktop\bin;C:\Users\79875\AppData\Local\atom\bin;C:\Users\79875\AppData\Local\Microsoft\WindowsApps;;D:\Softwares\Fiddler;D:\ProgramSoftwares\Docker\DockerToolBox\Docker Toolbox;.
[ INFO ] [2018-03-27 22:25:03] org.apache.zookeeper.ZooKeeper [main:10235] - Client environment:java.io.tmpdir=C:\Users\79875\AppData\Local\Temp\
[ INFO ] [2018-03-27 22:25:03] org.apache.zookeeper.ZooKeeper [main:10237] - Client environment:java.compiler=<NA>
[ INFO ] [2018-03-27 22:25:03] org.apache.zookeeper.ZooKeeper [main:10237] - Client environment:os.name=Windows 10
[ INFO ] [2018-03-27 22:25:03] org.apache.zookeeper.ZooKeeper [main:10237] - Client environment:os.arch=amd64
[ INFO ] [2018-03-27 22:25:03] org.apache.zookeeper.ZooKeeper [main:10237] - Client environment:os.version=10.0
[ INFO ] [2018-03-27 22:25:03] org.apache.zookeeper.ZooKeeper [main:10237] - Client environment:user.name=mastertj
[ INFO ] [2018-03-27 22:25:03] org.apache.zookeeper.ZooKeeper [main:10237] - Client environment:user.home=C:\Users\79875
[ INFO ] [2018-03-27 22:25:03] org.apache.zookeeper.ZooKeeper [main:10237] - Client environment:user.dir=D:\ProgramProjects\IntelJIDEAProject\IntelliJIDEA15.0.2\Project\SpringProject\dubboAction
[ INFO ] [2018-03-27 22:25:03] org.apache.zookeeper.ZooKeeper [main:10238] - Initiating client connection, connectString=ubuntu2:2181 sessionTimeout=30000 watcher=org.I0Itec.zkclient.ZkClient@20d525
[ DEBUG ] [2018-03-27 22:25:03] org.apache.zookeeper.ClientCnxn [main:10240] - zookeeper.disableAutoWatchReset is false
[ DEBUG ] [2018-03-27 22:25:03] org.I0Itec.zkclient.ZkClient [main:10270] - Awaiting connection to Zookeeper server
[ DEBUG ] [2018-03-27 22:25:03] org.I0Itec.zkclient.ZkClient [main:10270] - Waiting for keeper state SyncConnected
[ INFO ] [2018-03-27 22:25:03] org.apache.zookeeper.ClientCnxn [main-SendThread(ubuntu2:2181):10273] - Opening socket connection to server ubuntu2/192.168.223.202:2181. Will not attempt to authenticate using SASL (unknown error)
[ INFO ] [2018-03-27 22:25:03] org.apache.zookeeper.ClientCnxn [main-SendThread(ubuntu2:2181):10280] - Socket connection established to ubuntu2/192.168.223.202:2181, initiating session
[ DEBUG ] [2018-03-27 22:25:03] org.apache.zookeeper.ClientCnxn [main-SendThread(ubuntu2:2181):10281] - Session establishment request sent on ubuntu2/192.168.223.202:2181
[ INFO ] [2018-03-27 22:25:03] org.apache.zookeeper.ClientCnxn [main-SendThread(ubuntu2:2181):10296] - Session establishment complete on server ubuntu2/192.168.223.202:2181, sessionid = 0x26248621d6300b4, negotiated timeout = 30000
[ DEBUG ] [2018-03-27 22:25:03] org.I0Itec.zkclient.ZkClient [main-EventThread:10298] - Received event: WatchedEvent state:SyncConnected type:None path:null
[ INFO ] [2018-03-27 22:25:03] org.I0Itec.zkclient.ZkClient [main-EventThread:10298] - zookeeper state changed (SyncConnected)
[ DEBUG ] [2018-03-27 22:25:03] org.I0Itec.zkclient.ZkClient [main-EventThread:10298] - Leaving process event
[ DEBUG ] [2018-03-27 22:25:03] org.I0Itec.zkclient.ZkClient [main:10298] - State is SyncConnected
[ DEBUG ] [2018-03-27 22:25:03] com.alibaba.dubbo.common.extension.ExtensionLoader [main:10305] -  [DUBBO] package com.alibaba.dubbo.rpc.cluster;
import com.alibaba.dubbo.common.extension.ExtensionLoader;
public class RouterFactory$Adpative implements com.alibaba.dubbo.rpc.cluster.RouterFactory {
public com.alibaba.dubbo.rpc.cluster.Router getRouter(com.alibaba.dubbo.common.URL arg0) {
if (arg0 == null) throw new IllegalArgumentException("url == null");
com.alibaba.dubbo.common.URL url = arg0;
String extName = url.getProtocol();
if(extName == null) throw new IllegalStateException("Fail to get extension(com.alibaba.dubbo.rpc.cluster.RouterFactory) name from url(" + url.toString() + ") use keys([protocol])");
com.alibaba.dubbo.rpc.cluster.RouterFactory extension = (com.alibaba.dubbo.rpc.cluster.RouterFactory)ExtensionLoader.getExtensionLoader(com.alibaba.dubbo.rpc.cluster.RouterFactory.class).getExtension(extName);
return extension.getRouter(arg0);
}
}, dubbo version: 2.5.5, current host: 127.0.0.1
[ DEBUG ] [2018-03-27 22:25:03] com.alibaba.dubbo.common.extension.ExtensionLoader [main:10313] -  [DUBBO] package com.alibaba.dubbo.rpc.cluster;
import com.alibaba.dubbo.common.extension.ExtensionLoader;
public class ConfiguratorFactory$Adpative implements com.alibaba.dubbo.rpc.cluster.ConfiguratorFactory {
public com.alibaba.dubbo.rpc.cluster.Configurator getConfigurator(com.alibaba.dubbo.common.URL arg0) {
if (arg0 == null) throw new IllegalArgumentException("url == null");
com.alibaba.dubbo.common.URL url = arg0;
String extName = url.getProtocol();
if(extName == null) throw new IllegalStateException("Fail to get extension(com.alibaba.dubbo.rpc.cluster.ConfiguratorFactory) name from url(" + url.toString() + ") use keys([protocol])");
com.alibaba.dubbo.rpc.cluster.ConfiguratorFactory extension = (com.alibaba.dubbo.rpc.cluster.ConfiguratorFactory)ExtensionLoader.getExtensionLoader(com.alibaba.dubbo.rpc.cluster.ConfiguratorFactory.class).getExtension(extName);
return extension.getConfigurator(arg0);
}
}, dubbo version: 2.5.5, current host: 127.0.0.1
[ INFO ] [2018-03-27 22:25:03] com.alibaba.dubbo.registry.zookeeper.ZookeeperRegistry [main:10321] -  [DUBBO] Register: consumer://192.168.99.1/com.basic.dubbo.direct.provider.SampleService?application=sample-consumer&category=consumers&check=false&dubbo=2.5.5&interface=com.basic.dubbo.direct.provider.SampleService&methods=sayHello,getUsers&pid=12960&side=consumer&timestamp=1522160694688, dubbo version: 2.5.5, current host: 192.168.99.1
[ DEBUG ] [2018-03-27 22:25:03] org.apache.zookeeper.ClientCnxn [main-SendThread(ubuntu2:2181):10341] - Reading reply sessionid:0x26248621d6300b4, packet:: clientPath:null serverPath:null finished:false header:: 1,1  replyHeader:: 1,51539767562,-110  request:: '/dubbo,,v{s{31,s{'world,'anyone}}},0  response::  
[ DEBUG ] [2018-03-27 22:25:03] org.apache.zookeeper.ClientCnxn [main-SendThread(ubuntu2:2181):10361] - Reading reply sessionid:0x26248621d6300b4, packet:: clientPath:null serverPath:null finished:false header:: 2,1  replyHeader:: 2,51539767563,-110  request:: '/dubbo/com.basic.dubbo.direct.provider.SampleService,,v{s{31,s{'world,'anyone}}},0  response::  
[ DEBUG ] [2018-03-27 22:25:03] org.apache.zookeeper.ClientCnxn [main-SendThread(ubuntu2:2181):10372] - Reading reply sessionid:0x26248621d6300b4, packet:: clientPath:null serverPath:null finished:false header:: 3,1  replyHeader:: 3,51539767564,-110  request:: '/dubbo/com.basic.dubbo.direct.provider.SampleService/consumers,,v{s{31,s{'world,'anyone}}},0  response::  
[ DEBUG ] [2018-03-27 22:25:03] org.apache.zookeeper.ClientCnxn [main-SendThread(ubuntu2:2181):10385] - Reading reply sessionid:0x26248621d6300b4, packet:: clientPath:null serverPath:null finished:false header:: 4,1  replyHeader:: 4,51539767565,0  request:: '/dubbo/com.basic.dubbo.direct.provider.SampleService/consumers/consumer%253A%252F%252F192.168.99.1%252Fcom.basic.dubbo.direct.provider.SampleService%253Fapplication%253Dsample-consumer%2526category%253Dconsumers%2526check%253Dfalse%2526dubbo%253D2.5.5%2526interface%253Dcom.basic.dubbo.direct.provider.SampleService%2526methods%253DsayHello%252CgetUsers%2526pid%253D12960%2526side%253Dconsumer%2526timestamp%253D1522160694688,,v{s{31,s{'world,'anyone}}},1  response:: '/dubbo/com.basic.dubbo.direct.provider.SampleService/consumers/consumer%253A%252F%252F192.168.99.1%252Fcom.basic.dubbo.direct.provider.SampleService%253Fapplication%253Dsample-consumer%2526category%253Dconsumers%2526check%253Dfalse%2526dubbo%253D2.5.5%2526interface%253Dcom.basic.dubbo.direct.provider.SampleService%2526methods%253DsayHello%252CgetUsers%2526pid%253D12960%2526side%253Dconsumer%2526timestamp%253D1522160694688 
[ INFO ] [2018-03-27 22:25:03] com.alibaba.dubbo.registry.zookeeper.ZookeeperRegistry [main:10385] -  [DUBBO] Subscribe: consumer://192.168.99.1/com.basic.dubbo.direct.provider.SampleService?application=sample-consumer&category=providers,configurators,routers&check=false&dubbo=2.5.5&interface=com.basic.dubbo.direct.provider.SampleService&methods=sayHello,getUsers&pid=12960&side=consumer&timestamp=1522160694688, dubbo version: 2.5.5, current host: 192.168.99.1
[ DEBUG ] [2018-03-27 22:25:03] org.apache.zookeeper.ClientCnxn [main-SendThread(ubuntu2:2181):10394] - Reading reply sessionid:0x26248621d6300b4, packet:: clientPath:null serverPath:null finished:false header:: 5,1  replyHeader:: 5,51539767566,-110  request:: '/dubbo,,v{s{31,s{'world,'anyone}}},0  response::  
[ DEBUG ] [2018-03-27 22:25:03] org.apache.zookeeper.ClientCnxn [main-SendThread(ubuntu2:2181):10403] - Reading reply sessionid:0x26248621d6300b4, packet:: clientPath:null serverPath:null finished:false header:: 6,1  replyHeader:: 6,51539767567,-110  request:: '/dubbo/com.basic.dubbo.direct.provider.SampleService,,v{s{31,s{'world,'anyone}}},0  response::  
[ DEBUG ] [2018-03-27 22:25:04] org.apache.zookeeper.ClientCnxn [main-SendThread(ubuntu2:2181):10411] - Reading reply sessionid:0x26248621d6300b4, packet:: clientPath:null serverPath:null finished:false header:: 7,1  replyHeader:: 7,51539767568,-110  request:: '/dubbo/com.basic.dubbo.direct.provider.SampleService/providers,,v{s{31,s{'world,'anyone}}},0  response::  
[ DEBUG ] [2018-03-27 22:25:04] org.apache.zookeeper.ClientCnxn [main-SendThread(ubuntu2:2181):10416] - Reading reply sessionid:0x26248621d6300b4, packet:: clientPath:null serverPath:null finished:false header:: 8,3  replyHeader:: 8,51539767568,0  request:: '/dubbo/com.basic.dubbo.direct.provider.SampleService/providers,T  response:: s{51539766956,51539766956,1522160234536,1522160234536,0,7,0,0,0,1,51539767545} 
[ DEBUG ] [2018-03-27 22:25:04] org.apache.zookeeper.ClientCnxn [main-SendThread(ubuntu2:2181):10421] - Reading reply sessionid:0x26248621d6300b4, packet:: clientPath:null serverPath:null finished:false header:: 9,8  replyHeader:: 9,51539767568,0  request:: '/dubbo/com.basic.dubbo.direct.provider.SampleService/providers,T  response:: v{'dubbo%253A%252F%252F192.168.99.1%253A20880%252Fcom.basic.dubbo.direct.provider.SampleService%253Fanyhost%253Dtrue%2526application%253Dsample-provider%2526dubbo%253D2.5.5%2526generic%253Dfalse%2526interface%253Dcom.basic.dubbo.direct.provider.SampleService%2526methods%253DsayHello%252CgetUsers%2526pid%253D8904%2526retries%253D0%2526side%253Dprovider%2526timestamp%253D1522160685805} 
[ DEBUG ] [2018-03-27 22:25:04] org.apache.zookeeper.ClientCnxn [main-SendThread(ubuntu2:2181):10428] - Reading reply sessionid:0x26248621d6300b4, packet:: clientPath:null serverPath:null finished:false header:: 10,1  replyHeader:: 10,51539767569,-110  request:: '/dubbo,,v{s{31,s{'world,'anyone}}},0  response::  
[ DEBUG ] [2018-03-27 22:25:04] org.apache.zookeeper.ClientCnxn [main-SendThread(ubuntu2:2181):10436] - Reading reply sessionid:0x26248621d6300b4, packet:: clientPath:null serverPath:null finished:false header:: 11,1  replyHeader:: 11,51539767570,-110  request:: '/dubbo/com.basic.dubbo.direct.provider.SampleService,,v{s{31,s{'world,'anyone}}},0  response::  
[ DEBUG ] [2018-03-27 22:25:04] org.apache.zookeeper.ClientCnxn [main-SendThread(ubuntu2:2181):10447] - Reading reply sessionid:0x26248621d6300b4, packet:: clientPath:null serverPath:null finished:false header:: 12,1  replyHeader:: 12,51539767571,-110  request:: '/dubbo/com.basic.dubbo.direct.provider.SampleService/configurators,,v{s{31,s{'world,'anyone}}},0  response::  
[ DEBUG ] [2018-03-27 22:25:04] org.apache.zookeeper.ClientCnxn [main-SendThread(ubuntu2:2181):10453] - Reading reply sessionid:0x26248621d6300b4, packet:: clientPath:null serverPath:null finished:false header:: 13,3  replyHeader:: 13,51539767571,0  request:: '/dubbo/com.basic.dubbo.direct.provider.SampleService/configurators,T  response:: s{51539766965,51539766965,1522160234602,1522160234602,0,0,0,0,0,0,51539766965} 
[ DEBUG ] [2018-03-27 22:25:04] org.apache.zookeeper.ClientCnxn [main-SendThread(ubuntu2:2181):10463] - Reading reply sessionid:0x26248621d6300b4, packet:: clientPath:null serverPath:null finished:false header:: 14,8  replyHeader:: 14,51539767571,0  request:: '/dubbo/com.basic.dubbo.direct.provider.SampleService/configurators,T  response:: v{} 
[ DEBUG ] [2018-03-27 22:25:04] org.apache.zookeeper.ClientCnxn [main-SendThread(ubuntu2:2181):10471] - Reading reply sessionid:0x26248621d6300b4, packet:: clientPath:null serverPath:null finished:false header:: 15,1  replyHeader:: 15,51539767572,-110  request:: '/dubbo,,v{s{31,s{'world,'anyone}}},0  response::  
[ DEBUG ] [2018-03-27 22:25:04] org.apache.zookeeper.ClientCnxn [main-SendThread(ubuntu2:2181):10478] - Reading reply sessionid:0x26248621d6300b4, packet:: clientPath:null serverPath:null finished:false header:: 16,1  replyHeader:: 16,51539767573,-110  request:: '/dubbo/com.basic.dubbo.direct.provider.SampleService,,v{s{31,s{'world,'anyone}}},0  response::  
[ DEBUG ] [2018-03-27 22:25:04] org.apache.zookeeper.ClientCnxn [main-SendThread(ubuntu2:2181):10486] - Reading reply sessionid:0x26248621d6300b4, packet:: clientPath:null serverPath:null finished:false header:: 17,1  replyHeader:: 17,51539767574,-110  request:: '/dubbo/com.basic.dubbo.direct.provider.SampleService/routers,,v{s{31,s{'world,'anyone}}},0  response::  
[ DEBUG ] [2018-03-27 22:25:04] org.apache.zookeeper.ClientCnxn [main-SendThread(ubuntu2:2181):10488] - Reading reply sessionid:0x26248621d6300b4, packet:: clientPath:null serverPath:null finished:false header:: 18,3  replyHeader:: 18,51539767574,0  request:: '/dubbo/com.basic.dubbo.direct.provider.SampleService/routers,T  response:: s{51539767046,51539767046,1522160290311,1522160290311,0,0,0,0,0,0,51539767046} 
[ DEBUG ] [2018-03-27 22:25:04] org.apache.zookeeper.ClientCnxn [main-SendThread(ubuntu2:2181):10491] - Reading reply sessionid:0x26248621d6300b4, packet:: clientPath:null serverPath:null finished:false header:: 19,8  replyHeader:: 19,51539767574,0  request:: '/dubbo/com.basic.dubbo.direct.provider.SampleService/routers,T  response:: v{} 
[ INFO ] [2018-03-27 22:25:04] com.alibaba.dubbo.registry.zookeeper.ZookeeperRegistry [main:10491] -  [DUBBO] Notify urls for subscribe url consumer://192.168.99.1/com.basic.dubbo.direct.provider.SampleService?application=sample-consumer&category=providers,configurators,routers&check=false&dubbo=2.5.5&interface=com.basic.dubbo.direct.provider.SampleService&methods=sayHello,getUsers&pid=12960&side=consumer&timestamp=1522160694688, urls: [dubbo://192.168.99.1:20880/com.basic.dubbo.direct.provider.SampleService?anyhost=true&application=sample-provider&dubbo=2.5.5&generic=false&interface=com.basic.dubbo.direct.provider.SampleService&methods=sayHello,getUsers&pid=8904&retries=0&side=provider&timestamp=1522160685805, empty://192.168.99.1/com.basic.dubbo.direct.provider.SampleService?application=sample-consumer&category=configurators&check=false&dubbo=2.5.5&interface=com.basic.dubbo.direct.provider.SampleService&methods=sayHello,getUsers&pid=12960&side=consumer&timestamp=1522160694688, empty://192.168.99.1/com.basic.dubbo.direct.provider.SampleService?application=sample-consumer&category=routers&check=false&dubbo=2.5.5&interface=com.basic.dubbo.direct.provider.SampleService&methods=sayHello,getUsers&pid=12960&side=consumer&timestamp=1522160694688], dubbo version: 2.5.5, current host: 192.168.99.1
[ DEBUG ] [2018-03-27 22:25:04] com.alibaba.dubbo.common.extension.ExtensionLoader [main:10508] -  [DUBBO] package com.alibaba.dubbo.remoting;
import com.alibaba.dubbo.common.extension.ExtensionLoader;
public class Transporter$Adpative implements com.alibaba.dubbo.remoting.Transporter {
public com.alibaba.dubbo.remoting.Client connect(com.alibaba.dubbo.common.URL arg0, com.alibaba.dubbo.remoting.ChannelHandler arg1) throws com.alibaba.dubbo.remoting.RemotingException {
if (arg0 == null) throw new IllegalArgumentException("url == null");
com.alibaba.dubbo.common.URL url = arg0;
String extName = url.getParameter("client", url.getParameter("transporter", "netty"));
if(extName == null) throw new IllegalStateException("Fail to get extension(com.alibaba.dubbo.remoting.Transporter) name from url(" + url.toString() + ") use keys([client, transporter])");
com.alibaba.dubbo.remoting.Transporter extension = (com.alibaba.dubbo.remoting.Transporter)ExtensionLoader.getExtensionLoader(com.alibaba.dubbo.remoting.Transporter.class).getExtension(extName);
return extension.connect(arg0, arg1);
}
public com.alibaba.dubbo.remoting.Server bind(com.alibaba.dubbo.common.URL arg0, com.alibaba.dubbo.remoting.ChannelHandler arg1) throws com.alibaba.dubbo.remoting.RemotingException {
if (arg0 == null) throw new IllegalArgumentException("url == null");
com.alibaba.dubbo.common.URL url = arg0;
String extName = url.getParameter("server", url.getParameter("transporter", "netty"));
if(extName == null) throw new IllegalStateException("Fail to get extension(com.alibaba.dubbo.remoting.Transporter) name from url(" + url.toString() + ") use keys([server, transporter])");
com.alibaba.dubbo.remoting.Transporter extension = (com.alibaba.dubbo.remoting.Transporter)ExtensionLoader.getExtensionLoader(com.alibaba.dubbo.remoting.Transporter.class).getExtension(extName);
return extension.bind(arg0, arg1);
}
}, dubbo version: 2.5.5, current host: 192.168.99.1
[ DEBUG ] [2018-03-27 22:25:04] com.alibaba.dubbo.common.extension.ExtensionLoader [main:10557] -  [DUBBO] package com.alibaba.dubbo.remoting;
import com.alibaba.dubbo.common.extension.ExtensionLoader;
public class Dispatcher$Adpative implements com.alibaba.dubbo.remoting.Dispatcher {
public com.alibaba.dubbo.remoting.ChannelHandler dispatch(com.alibaba.dubbo.remoting.ChannelHandler arg0, com.alibaba.dubbo.common.URL arg1) {
if (arg1 == null) throw new IllegalArgumentException("url == null");
com.alibaba.dubbo.common.URL url = arg1;
String extName = url.getParameter("dispatcher", url.getParameter("dispather", url.getParameter("channel.handler", "all")));
if(extName == null) throw new IllegalStateException("Fail to get extension(com.alibaba.dubbo.remoting.Dispatcher) name from url(" + url.toString() + ") use keys([dispatcher, dispather, channel.handler])");
com.alibaba.dubbo.remoting.Dispatcher extension = (com.alibaba.dubbo.remoting.Dispatcher)ExtensionLoader.getExtensionLoader(com.alibaba.dubbo.remoting.Dispatcher.class).getExtension(extName);
return extension.dispatch(arg0, arg1);
}
}, dubbo version: 2.5.5, current host: 192.168.99.1
[ DEBUG ] [2018-03-27 22:25:04] com.alibaba.dubbo.common.extension.ExtensionLoader [main:10568] -  [DUBBO] package com.alibaba.dubbo.common.threadpool;
import com.alibaba.dubbo.common.extension.ExtensionLoader;
public class ThreadPool$Adpative implements com.alibaba.dubbo.common.threadpool.ThreadPool {
public java.util.concurrent.Executor getExecutor(com.alibaba.dubbo.common.URL arg0) {
if (arg0 == null) throw new IllegalArgumentException("url == null");
com.alibaba.dubbo.common.URL url = arg0;
String extName = url.getParameter("threadpool", "fixed");
if(extName == null) throw new IllegalStateException("Fail to get extension(com.alibaba.dubbo.common.threadpool.ThreadPool) name from url(" + url.toString() + ") use keys([threadpool])");
com.alibaba.dubbo.common.threadpool.ThreadPool extension = (com.alibaba.dubbo.common.threadpool.ThreadPool)ExtensionLoader.getExtensionLoader(com.alibaba.dubbo.common.threadpool.ThreadPool.class).getExtension(extName);
return extension.getExecutor(arg0);
}
}, dubbo version: 2.5.5, current host: 192.168.99.1
[ INFO ] [2018-03-27 22:25:04] com.alibaba.dubbo.remoting.transport.AbstractClient [main:10615] -  [DUBBO] Successed connect to server /192.168.99.1:20880 from NettyClient 192.168.99.1 using dubbo version 2.5.5, channel is NettyChannel [channel=[id: 0x0f09733f, /192.168.99.1:8393 => /192.168.99.1:20880]], dubbo version: 2.5.5, current host: 192.168.99.1
[ INFO ] [2018-03-27 22:25:04] com.alibaba.dubbo.remoting.transport.AbstractClient [main:10615] -  [DUBBO] Start NettyClient MasterTJ-PC/192.168.99.1 connect to the server /192.168.99.1:20880, dubbo version: 2.5.5, current host: 192.168.99.1
[ DEBUG ] [2018-03-27 22:25:04] com.alibaba.dubbo.common.extension.ExtensionLoader [main:10633] -  [DUBBO] package com.alibaba.dubbo.cache;
import com.alibaba.dubbo.common.extension.ExtensionLoader;
public class CacheFactory$Adpative implements com.alibaba.dubbo.cache.CacheFactory {
public com.alibaba.dubbo.cache.Cache getCache(com.alibaba.dubbo.common.URL arg0) {
if (arg0 == null) throw new IllegalArgumentException("url == null");
com.alibaba.dubbo.common.URL url = arg0;
String extName = url.getParameter("cache", "lru");
if(extName == null) throw new IllegalStateException("Fail to get extension(com.alibaba.dubbo.cache.CacheFactory) name from url(" + url.toString() + ") use keys([cache])");
com.alibaba.dubbo.cache.CacheFactory extension = (com.alibaba.dubbo.cache.CacheFactory)ExtensionLoader.getExtensionLoader(com.alibaba.dubbo.cache.CacheFactory.class).getExtension(extName);
return extension.getCache(arg0);
}
}, dubbo version: 2.5.5, current host: 192.168.99.1
[ DEBUG ] [2018-03-27 22:25:04] com.alibaba.dubbo.common.extension.ExtensionLoader [main:10642] -  [DUBBO] package com.alibaba.dubbo.monitor;
import com.alibaba.dubbo.common.extension.ExtensionLoader;
public class MonitorFactory$Adpative implements com.alibaba.dubbo.monitor.MonitorFactory {
public com.alibaba.dubbo.monitor.Monitor getMonitor(com.alibaba.dubbo.common.URL arg0) {
if (arg0 == null) throw new IllegalArgumentException("url == null");
com.alibaba.dubbo.common.URL url = arg0;
String extName = ( url.getProtocol() == null ? "dubbo" : url.getProtocol() );
if(extName == null) throw new IllegalStateException("Fail to get extension(com.alibaba.dubbo.monitor.MonitorFactory) name from url(" + url.toString() + ") use keys([protocol])");
com.alibaba.dubbo.monitor.MonitorFactory extension = (com.alibaba.dubbo.monitor.MonitorFactory)ExtensionLoader.getExtensionLoader(com.alibaba.dubbo.monitor.MonitorFactory.class).getExtension(extName);
return extension.getMonitor(arg0);
}
}, dubbo version: 2.5.5, current host: 192.168.99.1
[ DEBUG ] [2018-03-27 22:25:04] com.alibaba.dubbo.common.extension.ExtensionLoader [main:10665] -  [DUBBO] package com.alibaba.dubbo.validation;
import com.alibaba.dubbo.common.extension.ExtensionLoader;
public class Validation$Adpative implements com.alibaba.dubbo.validation.Validation {
public com.alibaba.dubbo.validation.Validator getValidator(com.alibaba.dubbo.common.URL arg0) {
if (arg0 == null) throw new IllegalArgumentException("url == null");
com.alibaba.dubbo.common.URL url = arg0;
String extName = url.getParameter("validation", "jvalidation");
if(extName == null) throw new IllegalStateException("Fail to get extension(com.alibaba.dubbo.validation.Validation) name from url(" + url.toString() + ") use keys([validation])");
com.alibaba.dubbo.validation.Validation extension = (com.alibaba.dubbo.validation.Validation)ExtensionLoader.getExtensionLoader(com.alibaba.dubbo.validation.Validation.class).getExtension(extName);
return extension.getValidator(arg0);
}
}, dubbo version: 2.5.5, current host: 192.168.99.1
[ INFO ] [2018-03-27 22:25:04] com.alibaba.dubbo.config.AbstractConfig [main:10681] -  [DUBBO] Refer dubbo service com.basic.dubbo.direct.provider.SampleService from url zookeeper://ubuntu2:2181/com.alibaba.dubbo.registry[ DEBUG ] [2018-03-27 22:25:04] com.alibaba.dubbo.remoting.transport.DecodeHandler [DubboServerHandler-192.168.99.1:20880-thread-2:19862] -  [DUBBO] Decode decodeable message com.alibaba.dubbo.rpc.protocol.dubbo.DecodeableRpcInvocation, dubbo version: 2.5.5, current host: 127.0.0.1
[ DEBUG ] [2018-03-27 22:25:05] org.apache.zookeeper.ClientCnxn [main-SendThread(ubuntu2:2181):20830] - Got ping response for sessionid: 0x26248621d6300b3 after 1ms
[ WARN ] [2018-03-27 22:25:12] com.alibaba.dubbo.remoting.transport.AbstractServer [New I/O server worker #1-1:28283] -  [DUBBO] All clients has discontected from /192.168.99.1:20880. You can graceful shutdown now., dubbo version: 2.5.5, current host: 127.0.0.1
[ INFO ] [2018-03-27 22:25:12] com.alibaba.dubbo.rpc.protocol.dubbo.DubboProtocol [DubboServerHandler-192.168.99.1:20880-thread-4:28284] -  [DUBBO] disconected from /192.168.99.1:8393,url:dubbo://192.168.99.1:20880/com.basic.dubbo.direct.provider.SampleService?anyhost=true&application=sample-provider&channel.readonly.sent=true&codec=dubbo&dubbo=2.5.5&generic=false&heartbeat=60000&interface=com.basic.dubbo.direct.provider.SampleService&methods=sayHello,getUsers&pid=8904&retries=0&side=provider&timestamp=1522160685805, dubbo version: 2.5.5, current host: 127.0.0.1
